<?xml version="1.0" encoding="UTF-8"?>
<!-- Generated by org.testng.reporters.JUnitReportReporter -->
<testsuite skipped="0" hostname="Sathya-PC" name="TestRunner.TestRun" tests="2" failures="0" timestamp="2020-04-24T18:57:05 IST" time="111.815" errors="0">
  <testcase name="runScenario" time="82.144" classname="TestRunner.TestRun"/>
  <testcase name="runScenario" time="29.671" classname="TestRunner.TestRun"/>
</testsuite> <!-- TestRunner.TestRun -->
