<?xml version="1.0" encoding="UTF-8"?>
<!-- Generated by org.testng.reporters.JUnitReportReporter -->
<testsuite skipped="0" hostname="Sathya-PC" name="TestRunner.TestRun" tests="1" failures="0" timestamp="2020-04-16T20:54:22 IST" time="58.015" errors="0">
  <testcase name="runScenario" time="58.015" classname="TestRunner.TestRun"/>
</testsuite> <!-- TestRunner.TestRun -->
